<?xml version='1.0' encoding='UTF-8'?>
<testsuites>
  <testsuite name="Test Suite" device="iPhone 17 Pro - iOS 26.5 - B239FCB8-6A0F-466C-94C8-41BC08995542" tests="1" failures="0" time="8.443" timestamp="2026-09-03T14:38:57">
    <testcase id="Issue 32 - open the synthetic drill notification on iOS" name="Issue 32 - open the synthetic drill notification on iOS" classname="Issue 32 - open the synthetic drill notification on iOS" file="packages/mobile/e2e/flows/open-push-ios.yaml" time="8.436" timestamp="2026-09-03T14:38:57" status="SUCCESS">
      <properties>
        <property name="tags" value="issue-32, synthetic-only, notification, ios"/>
      </properties>
    </testcase>
  </testsuite>
</testsuites>
